Running migration: 1_initial_migration.js
  Deploying Migrations...
  ... 0x90d636fca97e4fc180469ac19d85b04873ad384c1326ab19acb1cdedf802d67f
  Migrations: 0xf6b98ee55b085d2c85d2469ceaebaa9dec993e28
Saving successful migration to network...
  ... 0x776ddade8ad41aacb72ad23dd574ea0fdf33892ed0025ddd9823a2571b8797ef
Saving artifacts...
Running migration: 2_deploy_contracts.js
  Deploying SimpleRegistry...
  ... 0x74d284d7138887a41690fa234e2f12bc8f085858f1ae1080f81b4dc5db1dec6c
  SimpleRegistry: 0xd3578037a5998753a856fead68fe34b07018f3f4
  Deploying SimpleCertifier...
  ... 0xc97a4cff07ae3469637039fbd2fb1c11ceccc879f21642e70e4c835984b48e1d
  SimpleCertifier: 0x37aede5ba88712393fb8709c3bc8bb3e55233f31
  Deploying BellecourRegistry...
  ... 0x598f94c64d6d19a99926a397027f271df6eea996a09d27a5fdde3c3eda7ce861
  BellecourRegistry: 0x7b79ddc96db3a4cf4f3d6e2fbd820654a35b8500
  Deploying BellecourCertifier...
  ... 0x07761a967b9edd0b3250f73b7609c71cb34030e5d0675c3f97c567f14727ac95
  BellecourCertifier: 0x77fec1a51fc11da5dc5895e01300540b5143edff
Saving successful migration to network...
  ... 0x08298bbafc235cf868ac117910ca4a0906b3001ce3637c4c2929980a84c5fdb2
Saving artifacts...

